<?xml version="1.0" encoding="UTF-8"?>
<!-- Generated by org.testng.reporters.JUnitReportReporter -->
<testsuite hostname="DESKTOP-HS01KO1" failures="0" tests="1" name="com.auto.gmail.Login" time="15.702" errors="0" timestamp="2023-05-04T20:06:31 IST" skipped="0">
  <testcase classname="com.auto.gmail.Login" name="GoogleSearch" time="15.702"/>
  <system-out/>
</testsuite> <!-- com.auto.gmail.Login -->
