<?xml version="1.0" encoding="UTF-8"?>
<!-- Generated by org.testng.reporters.JUnitReportReporter -->
<testsuite hostname="DESKTOP-HS01KO1" failures="0" tests="1" name="com.auto.tests.LoginToGmailandLogout" time="25.464" errors="0" timestamp="2023-05-05T17:10:16 IST" skipped="0">
  <testcase classname="com.auto.tests.LoginToGmailandLogout" name="Signin" time="25.464"/>
  <system-out/>
</testsuite> <!-- com.auto.tests.LoginToGmailandLogout -->
