<?xml version="1.0" encoding="UTF-8"?>
<!-- Generated by org.testng.reporters.JUnitReportReporter -->
<testsuite hostname="DESKTOP-HS01KO1" failures="0" tests="1" name="com.auto.gmail.SignintoGmail" time="2.373" errors="0" timestamp="2023-05-04T21:03:32 IST" skipped="0">
  <testcase classname="com.auto.gmail.SignintoGmail" name="Signin" time="2.373"/>
  <system-out/>
</testsuite> <!-- com.auto.gmail.SignintoGmail -->
